Vivado Simulator v2024.1.1
Copyright 1986-2022 Xilinx, Inc. All Rights Reserved.
Copyright 2022-2024 Advanced Micro Devices, Inc. All Rights Reserved.
Running: E:/Vivado/Vivado/2024.1/bin/unwrapped/win64.o/xelab.exe --incr --debug typical --relax --mt 2 -L xil_defaultlib -L unisims_ver -L unimacro_ver -L secureip --snapshot tb_behav xil_defaultlib.tb xil_defaultlib.glbl -log elaborate.log 
Using 2 slave threads.
Starting static elaboration
Pass Through NonSizing Optimizer
Completed static elaboration
Starting simulation data flow analysis
WARNING: [XSIM 43-4100] "E:/UoM/Sem05/DSD/Project/Project-repo/riscv-processor-dsd-project/downloaded_repo/riscv_pipelined/riscv_pipelined.sim/sim_1/behav/xsim/glbl.v" Line 6. Module glbl has a timescale but at least one module in design doesn't have timescale.
WARNING: [XSIM 43-4100] "E:/UoM/Sem05/DSD/Project/Project-repo/riscv-processor-dsd-project/downloaded_repo/riscv_pipelined/riscv_pipelined.sim/sim_1/behav/xsim/glbl.v" Line 6. Module glbl has a timescale but at least one module in design doesn't have timescale.
Completed simulation data flow analysis
Time Resolution for simulation is 1ps
Compiling module xil_defaultlib.Mux
Compiling module xil_defaultlib.PC_Module
Compiling module xil_defaultlib.Instruction_Memory
Compiling module xil_defaultlib.PC_Adder
Compiling module xil_defaultlib.fetch_cycle
Compiling module xil_defaultlib.Main_Decoder
Compiling module xil_defaultlib.ALU_Decoder
Compiling module xil_defaultlib.Control_Unit_Top
Compiling module xil_defaultlib.Register_File
Compiling module xil_defaultlib.Sign_Extend
Compiling module xil_defaultlib.decode_cycle
Compiling module xil_defaultlib.Mux_3_by_1
Compiling module xil_defaultlib.ALU
Compiling module xil_defaultlib.execute_cycle
Compiling module xil_defaultlib.Data_Memory
Compiling module xil_defaultlib.memory_cycle
Compiling module xil_defaultlib.writeback_cycle
Compiling module xil_defaultlib.hazard_unit
Compiling module xil_defaultlib.Pipeline_top
Compiling module xil_defaultlib.tb
Compiling module xil_defaultlib.glbl
Built simulation snapshot tb_behav
