Command line:
   Pipeline_top_isim_beh.exe
     -simmode  gui
     -simrunnum  0
     -socket  63799

Fri Jan 03 17:22:30 2025


 Elaboration Time: 0.03125 sec

 Current Memory Usage: 5155.52 Meg

 Total Signals          : 242
 Total Nets             : 1035
 Total Signal Drivers   : 67
 Total Blocks           : 24
 Total Primitive Blocks : 17
 Total Processes        : 78
 Total Traceable Variables  : 52
 Total Scalar Nets and Variables : 68193
Total Line Count : 167

 Total Simulation Time: 0.046875 sec

 Current Memory Usage: 5155.52 Meg

Fri Jan 03 17:22:39 2025

