Command line:
   tb_isim_beh.exe
     -simmode  gui
     -simrunnum  0
     -socket  64088

Fri Jan 03 18:09:45 2025


 Elaboration Time: 0.046875 sec

 Current Memory Usage: 5155.56 Meg

 Total Signals          : 245
 Total Nets             : 1037
 Total Signal Drivers   : 71
 Total Blocks           : 26
 Total Primitive Blocks : 18
 Total Processes        : 86
 Total Traceable Variables  : 56
 Total Scalar Nets and Variables : 68221
Total Line Count : 185

 Total Simulation Time: 0.109375 sec

 Current Memory Usage: 4683.7 Meg

Fri Jan 03 18:26:53 2025

