Command line:
   tb_isim_beh.exe
     -simmode  gui
     -simrunnum  0
     -socket  64981

Fri Jan 03 19:45:36 2025


 Elaboration Time: 0.03125 sec

 Current Memory Usage: 5155.52 Meg

 Total Signals          : 245
 Total Nets             : 1037
 Total Signal Drivers   : 71
 Total Blocks           : 26
 Total Primitive Blocks : 18
 Total Processes        : 86
 Total Traceable Variables  : 58
 Total Scalar Nets and Variables : 68289
Total Line Count : 185

 Total Simulation Time: 0.078125 sec

 Current Memory Usage: 4998.23 Meg

Fri Jan 03 19:52:00 2025

