Command line:
   PC_isim_beh.exe
     -simmode  gui
     -simrunnum  0
     -socket  64468

Fri Oct 18 16:09:04 2024


 Elaboration Time: 0.03125 sec

 Current Memory Usage: 5151.3 Meg

 Total Signals          : 16
 Total Nets             : 79
 Total Signal Drivers   : 6
 Total Blocks           : 2
 Total Primitive Blocks : 2
 Total Processes        : 8
 Total Traceable Variables  : 19
 Total Scalar Nets and Variables : 191
Total Line Count : 21

 Total Simulation Time: 0.03125 sec

 Current Memory Usage: 5151.3 Meg

Fri Oct 18 16:09:07 2024

